<?xml version="1.0" encoding="UTF-8"?>
<!-- Generated by org.testng.reporters.JUnitReportReporter -->
<testsuite hostname="LAPTOP-PON6RPV8" failures="0" tests="1" name="testPackage.ActiTimeTestLogOut" time="6.474" errors="0" timestamp="2023-02-01T22:28:09 IST" skipped="0">
  <testcase classname="testPackage.ActiTimeTestLogOut" name="logout" time="6.474"/>
  <system-out/>
</testsuite> <!-- testPackage.ActiTimeTestLogOut -->
