<?xml version="1.0" encoding="UTF-8"?>
<!-- Generated by org.testng.reporters.JUnitReportReporter -->
<testsuite hostname="LAPTOP-PON6RPV8" failures="0" tests="1" name="testPackage.ActiTimeTestValidLogin" time="6.655" errors="0" timestamp="2023-02-01T22:28:09 IST" skipped="0">
  <testcase classname="testPackage.ActiTimeTestValidLogin" name="validTest" time="6.655"/>
  <system-out/>
</testsuite> <!-- testPackage.ActiTimeTestValidLogin -->
